<?xml version="1.0" encoding="UTF-8"?>
<testsuite xmlns:xsi="http://www.w3.org/2001/XMLSchema-instance" xsi:noNamespaceSchemaLocation="https://maven.apache.org/surefire/maven-surefire-plugin/xsd/surefire-test-report-3.0.xsd" version="3.0" name="com.finance.tracker.FinanceTrackerApplicationTests" time="17.01" tests="1" errors="0" skipped="0" failures="0">
  <properties>
[...]
</properties>
  <testcase name="contextLoads" classname="com.finance.tracker.FinanceTrackerApplicationTests" time="0.819">
    <system-out><![CDATA[21:56:59.435 [main] INFO org.springframework.test.context.support.AnnotationConfigContextLoaderUtils -- Could not detect default configuration classes for test class [com.finance.tracker.FinanceTrackerApplicationTests]: FinanceTrackerApplicationTests does not declare any static, non-private, non-final, nested classes annotated with @Configuration.
21:56:59.597 [main] INFO org.springframework.boot.test.context.SpringBootTestContextBootstrapper -- Found @SpringBootConfiguration com.finance.tracker.FinanceTrackerApplication for test class com.finance.tracker.FinanceTrackerApplicationTests
21:56:59.872 [main] INFO org.springframework.boot.devtools.restart.RestartApplicationListener -- Restart disabled due to context in which it is running
                                                                                                              
,------.,--.,--.  ,--.  ,---.  ,--.  ,--. ,-----.,------. ,--------.,------.   ,---.   ,-----.,--. ,--.,------.,------.  
|  .---'|  ||  ,'.|  | /  O  \ |  ,'.|  |'  .--./|  .---' '--.  .--'|  .--. ' /  O  \ '  .--./|  .'   /|  .---'|  .--. ' 
|  `--, |  ||  |' '  ||  .-.  ||  |' '  ||  |    |  `--,     |  |   |  '--'.'|  .-.  ||  |    |  .   ' |  `--, |  '--'.' 
|  |`   |  ||  | `   ||  | |  ||  | `   |'  '--'\|  `---.    |  |   |  |\  \ |  | |  |'  '--'\|  |\   \|  `---.|  |\  \  
`--'    `--'`--'  `--'`--' `--'`--'  `--' `-----'`------'    `--'   `--' '--'`--' `--' `-----'`--' '--'`------'`--' '--' 
2024-10-14T21:57:00.436-05:00  INFO 17128 --- [finance-tracker] [           main] c.f.t.FinanceTrackerApplicationTests     : Starting FinanceTrackerApplicationTests using Java 21.0.3 with PID 17128 (started by juand in C:\Projects\finance tracker)
2024-10-14T21:57:00.448-05:00  INFO 17128 --- [finance-tracker] [           main] c.f.t.FinanceTrackerApplicationTests     : The following 1 profile is active: "dev"
2024-10-14T21:57:02.797-05:00  INFO 17128 --- [finance-tracker] [           main] .s.d.r.c.RepositoryConfigurationDelegate : Bootstrapping Spring Data JPA repositories in DEFAULT mode.
2024-10-14T21:57:03.004-05:00  INFO 17128 --- [finance-tracker] [           main] .s.d.r.c.RepositoryConfigurationDelegate : Finished Spring Data repository scanning in 191 ms. Found 4 JPA repository interfaces.
2024-10-14T21:57:04.550-05:00  INFO 17128 --- [finance-tracker] [           main] o.hibernate.jpa.internal.util.LogHelper  : HHH000204: Processing PersistenceUnitInfo [name: default]
2024-10-14T21:57:04.705-05:00  INFO 17128 --- [finance-tracker] [           main] org.hibernate.Version                    : HHH000412: Hibernate ORM core version 6.5.2.Final
2024-10-14T21:57:04.787-05:00  INFO 17128 --- [finance-tracker] [           main] o.h.c.internal.RegionFactoryInitiator    : HHH000026: Second-level cache disabled
2024-10-14T21:57:06.499-05:00  INFO 17128 --- [finance-tracker] [           main] o.s.o.j.p.SpringPersistenceUnitInfo      : No LoadTimeWeaver setup: ignoring JPA class transformer
2024-10-14T21:57:06.538-05:00  INFO 17128 --- [finance-tracker] [           main] com.zaxxer.hikari.HikariDataSource       : HikariPool-1 - Starting...
2024-10-14T21:57:08.065-05:00  INFO 17128 --- [finance-tracker] [           main] com.zaxxer.hikari.pool.HikariPool        : HikariPool-1 - Added connection org.postgresql.jdbc.PgConnection@6d0a4a22
2024-10-14T21:57:08.067-05:00  INFO 17128 --- [finance-tracker] [           main] com.zaxxer.hikari.HikariDataSource       : HikariPool-1 - Start completed.
2024-10-14T21:57:08.216-05:00  WARN 17128 --- [finance-tracker] [           main] org.hibernate.orm.deprecation            : HHH90000025: PostgreSQLDialect does not need to be specified explicitly using 'hibernate.dialect' (remove the property setting and it will be selected by default)
2024-10-14T21:57:09.869-05:00  INFO 17128 --- [finance-tracker] [           main] o.h.e.t.j.p.i.JtaPlatformInitiator       : HHH000489: No JTA platform available (set 'hibernate.transaction.jta.platform' to enable JTA platform integration)
2024-10-14T21:57:11.496-05:00  INFO 17128 --- [finance-tracker] [           main] j.LocalContainerEntityManagerFactoryBean : Initialized JPA EntityManagerFactory for persistence unit 'default'
2024-10-14T21:57:12.553-05:00  WARN 17128 --- [finance-tracker] [           main] JpaBaseConfiguration$JpaWebConfiguration : spring.jpa.open-in-view is enabled by default. Therefore, database queries may be performed during view rendering. Explicitly configure spring.jpa.open-in-view to disable this warning
2024-10-14T21:57:12.624-05:00  WARN 17128 --- [finance-tracker] [           main] .s.s.UserDetailsServiceAutoConfiguration : 

Using generated security password: 2f6127f1-586a-4688-9f71-25e83224cbb6

This generated password is for development use only. Your security configuration must be updated before running your application in production.

2024-10-14T21:57:12.661-05:00  INFO 17128 --- [finance-tracker] [           main] r$InitializeUserDetailsManagerConfigurer : Global AuthenticationManager configured with UserDetailsService bean with name inMemoryUserDetailsManager
2024-10-14T21:57:13.822-05:00  INFO 17128 --- [finance-tracker] [           main] o.s.b.a.e.web.EndpointLinksResolver      : Exposing 1 endpoint beneath base path '/actuator'
2024-10-14T21:57:15.139-05:00  INFO 17128 --- [finance-tracker] [           main] c.f.t.FinanceTrackerApplicationTests     : Started FinanceTrackerApplicationTests in 15.291 seconds (process running for 16.925)
]]></system-out>
    <system-err><![CDATA[WARNING: A Java agent has been loaded dynamically (C:\Users\juand\.m2\repository\net\bytebuddy\byte-buddy-agent\1.14.17\byte-buddy-agent-1.14.17.jar)
WARNING: If a serviceability tool is in use, please run with -XX:+EnableDynamicAgentLoading to hide this warning
WARNING: If a serviceability tool is not in use, please run with -Djdk.instrument.traceUsage for more information
WARNING: Dynamic loading of agents will be disallowed by default in a future release
]]></system-err>
  </testcase>
</testsuite>